Starting master on port 2020
Failed to read file 'dl-fulltest.graph'. Error code 2 .

2021-04-25 12:04:53 Initialized without weights
2021-04-25 12:04:53 Weights set
2021-04-25 12:04:53 Weights updated
2021-04-25 12:04:53 Weights updated
2021-04-25 12:04:53 Weights updated
2021-04-25 12:04:53 Weights updated
2021-04-25 12:04:54 Weights updated
2021-04-25 12:04:54 Weights updated
2021-04-25 12:04:54 Weights updated
2021-04-25 12:04:54 Weights updated
2021-04-25 12:04:54 Weights updated
2021-04-25 12:04:54 Weights updated
2021-04-25 12:04:54 Weights updated
2021-04-25 12:04:54 Weights updated
2021-04-25 12:04:55 Weights updated
2021-04-25 12:04:55 Weights updated
2021-04-25 12:04:55 Weights updated
2021-04-25 12:04:55 Weights updated
2021-04-25 12:04:55 Weights updated
2021-04-25 12:04:55 Weights updated
2021-04-25 12:04:55 Weights updated
2021-04-25 12:04:56 Weights updated
2021-04-25 12:04:56 Weights updated
2021-04-25 12:04:56 Weights updated
2021-04-25 12:04:56 Weights updated
2021-04-25 12:04:56 Weights updated
2021-04-25 12:04:56 Weights updated
2021-04-25 12:04:57 Weights updated
2021-04-25 12:04:57 Weights updated
2021-04-25 12:04:57 Weights updated
2021-04-25 12:04:57 Weights updated
2021-04-25 12:04:57 Weights updated
2021-04-25 12:04:57 Weights updated
2021-04-25 12:04:57 Weights updated
2021-04-25 12:04:57 Weights updated
2021-04-25 12:04:58 Weights updated
2021-04-25 12:04:58 Weights updated
2021-04-25 12:04:58 Weights updated
2021-04-25 12:04:58 Weights updated
2021-04-25 12:04:58 Weights updated
2021-04-25 12:04:58 Weights updated
2021-04-25 12:04:58 Weights updated
2021-04-25 12:04:58 Weights updated
2021-04-25 12:04:59 Weights updated
2021-04-25 12:04:59 Weights updated
2021-04-25 12:04:59 Weights updated
2021-04-25 12:04:59 Weights updated
2021-04-25 12:04:59 Weights updated
2021-04-25 12:04:59 Weights updated
2021-04-25 12:04:59 Weights updated
2021-04-25 12:05:00 Weights updated
2021-04-25 12:05:00 Weights updated
2021-04-25 12:05:00 Weights updated
2021-04-25 12:05:00 Weights updated
2021-04-25 12:05:00 Weights updated
2021-04-25 12:05:00 Weights updated
2021-04-25 12:05:00 Weights updated
2021-04-25 12:05:01 Weights updated
2021-04-25 12:05:01 Weights updated
2021-04-25 12:05:01 Weights updated
2021-04-25 12:05:01 Weights updated
2021-04-25 12:05:01 Weights updated
2021-04-25 12:05:01 Weights updated
2021-04-25 12:05:01 Weights updated
2021-04-25 12:05:01 Weights updated
2021-04-25 12:05:02 Weights updated
2021-04-25 12:05:02 Weights updated
2021-04-25 12:05:02 Weights updated
2021-04-25 12:05:02 Weights updated
2021-04-25 12:05:02 Weights updated
2021-04-25 12:05:02 Weights updated
2021-04-25 12:05:03 Weights updated
2021-04-25 12:05:03 Weights updated
2021-04-25 12:05:03 Weights updated
2021-04-25 12:05:03 Weights updated
2021-04-25 12:05:03 Weights updated
2021-04-25 12:05:03 Weights updated
2021-04-25 12:05:03 Weights updated
2021-04-25 12:05:03 Weights updated
2021-04-25 12:05:04 Weights updated
2021-04-25 12:05:04 Weights updated
2021-04-25 12:05:04 Weights updated
2021-04-25 12:05:04 Weights updated
2021-04-25 12:05:04 Weights updated
2021-04-25 12:05:04 Weights updated
2021-04-25 12:05:04 Weights updated
2021-04-25 12:05:04 Weights updated
2021-04-25 12:05:05 Weights updated
2021-04-25 12:05:05 Weights updated
2021-04-25 12:05:05 Weights updated
2021-04-25 12:05:05 Weights updated
2021-04-25 12:05:05 Weights updated
2021-04-25 12:05:05 Weights updated
2021-04-25 12:05:05 Weights updated
2021-04-25 12:05:05 Weights updated
2021-04-25 12:05:06 Weights updated
2021-04-25 12:05:06 Weights updated
2021-04-25 12:05:06 Weights updated
2021-04-25 12:05:06 Weights updated
2021-04-25 12:05:06 Weights updated
2021-04-25 12:05:06 Weights updated
2021-04-25 12:05:07 Weights updated
2021-04-25 12:05:07 Weights updated
2021-04-25 12:05:07 Weights updated
2021-04-25 12:05:07 Weights updated
2021-04-25 12:05:07 Weights updated
2021-04-25 12:05:07 Weights updated
2021-04-25 12:05:07 Weights updated
2021-04-25 12:05:07 Weights updated
2021-04-25 12:05:08 Weights updated
2021-04-25 12:05:08 Weights updated
2021-04-25 12:05:08 Weights updated
2021-04-25 12:05:08 Weights updated
2021-04-25 12:05:08 Weights updated
2021-04-25 12:05:08 Weights updated
2021-04-25 12:05:08 Weights updated
2021-04-25 12:05:08 Weights updated
2021-04-25 12:05:09 Weights updated
2021-04-25 12:05:09 Weights updated
2021-04-25 12:05:09 Weights updated
2021-04-25 12:05:09 Weights updated
2021-04-25 12:05:09 Weights updated
2021-04-25 12:05:09 Weights updated
2021-04-25 12:05:09 Weights updated
2021-04-25 12:05:10 Weights updated
2021-04-25 12:05:10 Weights updated
2021-04-25 12:05:10 Weights updated
2021-04-25 12:05:10 Weights updated
2021-04-25 12:05:10 Weights updated
2021-04-25 12:05:10 Weights updated
2021-04-25 12:05:10 Weights updated
2021-04-25 12:05:11 Weights updated
2021-04-25 12:05:11 Weights updated
2021-04-25 12:05:11 Weights updated
2021-04-25 12:05:11 Weights updated
2021-04-25 12:05:11 Weights updated
2021-04-25 12:05:11 Weights updated
2021-04-25 12:05:11 Weights updated
2021-04-25 12:05:12 Weights updated
2021-04-25 12:05:12 Weights updated
2021-04-25 12:05:12 Weights updated
2021-04-25 12:05:12 Weights updated
2021-04-25 12:05:12 Weights updated
2021-04-25 12:05:12 Weights updated
2021-04-25 12:05:12 Weights updated
2021-04-25 12:05:13 Weights updated
2021-04-25 12:05:13 Weights updated
2021-04-25 12:05:13 Weights updated
2021-04-25 12:05:13 Weights updated
2021-04-25 12:05:13 Weights updated
2021-04-25 12:05:13 Weights updated
2021-04-25 12:05:13 Weights updated
2021-04-25 12:05:13 Weights updated
2021-04-25 12:05:14 Weights updated
2021-04-25 12:05:14 Weights updated
2021-04-25 12:05:14 Weights updated
2021-04-25 12:05:14 Weights updated
2021-04-25 12:05:14 Weights updated
2021-04-25 12:05:14 Weights updated
2021-04-25 12:05:14 Weights updated
2021-04-25 12:05:14 Weights updated
2021-04-25 12:05:15 Weights updated
2021-04-25 12:05:15 Weights updated
2021-04-25 12:05:15 Weights updated
2021-04-25 12:05:15 Weights updated
2021-04-25 12:05:15 Weights updated
2021-04-25 12:05:15 Weights updated
2021-04-25 12:05:15 Weights updated
2021-04-25 12:05:16 Weights updated
2021-04-25 12:05:16 Weights updated
2021-04-25 12:05:16 Weights updated
2021-04-25 12:05:16 Weights updated
2021-04-25 12:05:16 Weights updated
2021-04-25 12:05:16 Weights updated
2021-04-25 12:05:16 Weights updated
2021-04-25 12:05:16 Weights updated
2021-04-25 12:05:17 Weights updated
2021-04-25 12:05:17 Weights updated
2021-04-25 12:05:17 Weights updated
2021-04-25 12:05:17 Weights updated
2021-04-25 12:05:17 Weights updated
2021-04-25 12:05:17 Weights updated
2021-04-25 12:05:17 Weights updated
2021-04-25 12:05:18 Weights updated
2021-04-25 12:05:18 Weights updated
2021-04-25 12:05:18 Weights updated
2021-04-25 12:05:18 Weights updated
2021-04-25 12:05:18 Weights updated
2021-04-25 12:05:18 Weights updated
2021-04-25 12:05:18 Weights updated
2021-04-25 12:05:19 Weights updated
2021-04-25 12:05:19 Weights updated
2021-04-25 12:05:19 Weights updated
2021-04-25 12:05:19 Weights updated
2021-04-25 12:05:19 Weights updated
2021-04-25 12:05:19 Weights updated
2021-04-25 12:05:19 Weights updated
2021-04-25 12:05:20 Weights updated
2021-04-25 12:05:20 Weights updated
Starting master on port 2020
2021-04-25 12:06:29 Weights loaded from dl-fulltest.graph
2021-04-25 12:06:29 Weights updated
2021-04-25 12:06:29 Weights updated
Starting master on port 2020
Failed to read file 'dl-fulltest.graph'. Error code 2 .

2021-04-25 12:06:56 Initialized without weights
2021-04-25 12:06:56 Weights set
2021-04-25 12:06:56 Weights updated
2021-04-25 12:06:56 Weights updated
2021-04-25 12:06:56 Weights updated
2021-04-25 12:06:56 Weights updated
2021-04-25 12:06:57 Weights updated
2021-04-25 12:06:57 Weights updated
2021-04-25 12:06:57 Weights updated
2021-04-25 12:06:57 Weights updated
2021-04-25 12:06:57 Weights updated
2021-04-25 12:06:57 Weights updated
2021-04-25 12:06:57 Weights updated
2021-04-25 12:06:57 Weights updated
2021-04-25 12:06:58 Weights updated
2021-04-25 12:06:58 Weights updated
2021-04-25 12:06:58 Weights updated
2021-04-25 12:06:58 Weights updated
2021-04-25 12:06:58 Weights updated
2021-04-25 12:06:58 Weights updated
2021-04-25 12:06:58 Weights updated
2021-04-25 12:06:59 Weights updated
2021-04-25 12:06:59 Weights updated
2021-04-25 12:06:59 Weights updated
2021-04-25 12:06:59 Weights updated
2021-04-25 12:06:59 Weights updated
2021-04-25 12:06:59 Weights updated
2021-04-25 12:06:59 Weights updated
2021-04-25 12:07:00 Weights updated
2021-04-25 12:07:00 Weights updated
2021-04-25 12:07:00 Weights updated
2021-04-25 12:07:00 Weights updated
2021-04-25 12:07:00 Weights updated
2021-04-25 12:07:00 Weights updated
2021-04-25 12:07:00 Weights updated
2021-04-25 12:07:00 Weights updated
2021-04-25 12:07:01 Weights updated
2021-04-25 12:07:01 Weights updated
2021-04-25 12:07:01 Weights updated
2021-04-25 12:07:01 Weights updated
2021-04-25 12:07:01 Weights updated
2021-04-25 12:07:01 Weights updated
2021-04-25 12:07:01 Weights updated
2021-04-25 12:07:01 Weights updated
2021-04-25 12:07:02 Weights updated
2021-04-25 12:07:02 Weights updated
2021-04-25 12:07:02 Weights updated
2021-04-25 12:07:02 Weights updated
2021-04-25 12:07:02 Weights updated
2021-04-25 12:07:02 Weights updated
2021-04-25 12:07:02 Weights updated
2021-04-25 12:07:03 Weights updated
2021-04-25 12:07:03 Weights updated
2021-04-25 12:07:03 Weights updated
2021-04-25 12:07:03 Weights updated
2021-04-25 12:07:03 Weights updated
2021-04-25 12:07:03 Weights updated
2021-04-25 12:07:03 Weights updated
2021-04-25 12:07:03 Weights updated
2021-04-25 12:07:04 Weights updated
2021-04-25 12:07:04 Weights updated
2021-04-25 12:07:04 Weights updated
2021-04-25 12:07:04 Weights updated
2021-04-25 12:07:04 Weights updated
2021-04-25 12:07:04 Weights updated
2021-04-25 12:07:04 Weights updated
2021-04-25 12:07:04 Weights updated
2021-04-25 12:07:05 Weights updated
2021-04-25 12:07:05 Weights updated
2021-04-25 12:07:05 Weights updated
2021-04-25 12:07:05 Weights updated
2021-04-25 12:07:05 Weights updated
2021-04-25 12:07:05 Weights updated
2021-04-25 12:07:05 Weights updated
2021-04-25 12:07:06 Weights updated
2021-04-25 12:07:06 Weights updated
2021-04-25 12:07:06 Weights updated
2021-04-25 12:07:06 Weights updated
2021-04-25 12:07:06 Weights updated
2021-04-25 12:07:06 Weights updated
2021-04-25 12:07:06 Weights updated
2021-04-25 12:07:07 Weights updated
2021-04-25 12:07:07 Weights updated
2021-04-25 12:07:07 Weights updated
2021-04-25 12:07:07 Weights updated
2021-04-25 12:07:07 Weights updated
2021-04-25 12:07:07 Weights updated
2021-04-25 12:07:07 Weights updated
2021-04-25 12:07:08 Weights updated
2021-04-25 12:07:08 Weights updated
2021-04-25 12:07:08 Weights updated
2021-04-25 12:07:08 Weights updated
2021-04-25 12:07:08 Weights updated
2021-04-25 12:07:08 Weights updated
2021-04-25 12:07:08 Weights updated
2021-04-25 12:07:08 Weights updated
2021-04-25 12:07:09 Weights updated
2021-04-25 12:07:09 Weights updated
2021-04-25 12:07:09 Weights updated
2021-04-25 12:07:09 Weights updated
2021-04-25 12:07:09 Weights updated
2021-04-25 12:07:09 Weights updated
2021-04-25 12:07:09 Weights updated
2021-04-25 12:07:09 Weights updated
2021-04-25 12:07:10 Weights updated
2021-04-25 12:07:10 Weights updated
2021-04-25 12:07:10 Weights updated
2021-04-25 12:07:10 Weights updated
2021-04-25 12:07:10 Weights updated
2021-04-25 12:07:10 Weights updated
2021-04-25 12:07:10 Weights updated
2021-04-25 12:07:10 Weights updated
2021-04-25 12:07:11 Weights updated
2021-04-25 12:07:11 Weights updated
2021-04-25 12:07:11 Weights updated
2021-04-25 12:07:11 Weights updated
2021-04-25 12:07:11 Weights updated
2021-04-25 12:07:11 Weights updated
2021-04-25 12:07:11 Weights updated
2021-04-25 12:07:12 Weights updated
2021-04-25 12:07:12 Weights updated
2021-04-25 12:07:12 Weights updated
2021-04-25 12:07:12 Weights updated
2021-04-25 12:07:12 Weights updated
2021-04-25 12:07:12 Weights updated
2021-04-25 12:07:12 Weights updated
2021-04-25 12:07:12 Weights updated
2021-04-25 12:07:13 Weights updated
2021-04-25 12:07:13 Weights updated
2021-04-25 12:07:13 Weights updated
2021-04-25 12:07:13 Weights updated
2021-04-25 12:07:13 Weights updated
2021-04-25 12:07:13 Weights updated
2021-04-25 12:07:13 Weights updated
2021-04-25 12:07:13 Weights updated
2021-04-25 12:07:14 Weights updated
2021-04-25 12:07:14 Weights updated
2021-04-25 12:07:14 Weights updated
2021-04-25 12:07:14 Weights updated
2021-04-25 12:07:14 Weights updated
2021-04-25 12:07:14 Weights updated
2021-04-25 12:07:14 Weights updated
2021-04-25 12:07:14 Weights updated
2021-04-25 12:07:15 Weights updated
2021-04-25 12:07:15 Weights updated
2021-04-25 12:07:15 Weights updated
2021-04-25 12:07:15 Weights updated
2021-04-25 12:07:15 Weights updated
2021-04-25 12:07:15 Weights updated
2021-04-25 12:07:15 Weights updated
2021-04-25 12:07:16 Weights updated
2021-04-25 12:07:16 Weights updated
2021-04-25 12:07:16 Weights updated
2021-04-25 12:07:16 Weights updated
2021-04-25 12:07:16 Weights updated
2021-04-25 12:07:16 Weights updated
2021-04-25 12:07:17 Weights updated
2021-04-25 12:07:17 Weights updated
2021-04-25 12:07:17 Weights updated
2021-04-25 12:07:17 Weights updated
2021-04-25 12:07:17 Weights updated
2021-04-25 12:07:17 Weights updated
2021-04-25 12:07:17 Weights updated
2021-04-25 12:07:17 Weights updated
2021-04-25 12:07:17 Weights updated
2021-04-25 12:07:18 Weights updated
2021-04-25 12:07:18 Weights updated
2021-04-25 12:07:18 Weights updated
2021-04-25 12:07:18 Weights updated
2021-04-25 12:07:18 Weights updated
2021-04-25 12:07:18 Weights updated
2021-04-25 12:07:18 Weights updated
2021-04-25 12:07:19 Weights updated
2021-04-25 12:07:19 Weights updated
2021-04-25 12:07:19 Weights updated
2021-04-25 12:07:19 Weights updated
2021-04-25 12:07:19 Weights updated
2021-04-25 12:07:19 Weights updated
2021-04-25 12:07:19 Weights updated
2021-04-25 12:07:19 Weights updated
2021-04-25 12:07:20 Weights updated
2021-04-25 12:07:20 Weights updated
2021-04-25 12:07:20 Weights updated
2021-04-25 12:07:20 Weights updated
2021-04-25 12:07:20 Weights updated
2021-04-25 12:07:20 Weights updated
2021-04-25 12:07:20 Weights updated
2021-04-25 12:07:21 Weights updated
2021-04-25 12:07:21 Weights updated
2021-04-25 12:07:21 Weights updated
2021-04-25 12:07:21 Weights updated
2021-04-25 12:07:21 Weights updated
2021-04-25 12:07:21 Weights updated
2021-04-25 12:07:21 Weights updated
2021-04-25 12:07:21 Weights updated
2021-04-25 12:07:22 Weights updated
2021-04-25 12:07:22 Weights updated
2021-04-25 12:07:22 Weights updated
